[debug] > Exec(early(addDefaultCommands), None, None)
[debug] > Exec(addDefaultCommands, None, None)
[debug] > Exec(early(initialize), None, None)
[debug] > Exec(initialize, None, None)
[debug] > Exec(early(addPluginSbtFile="""C:\Users\kamilai\AppData\Local\Temp\idea2.sbt"""), None, None)
[debug] > Exec(addPluginSbtFile="""C:\Users\kamilai\AppData\Local\Temp\idea2.sbt""", None, None)
[debug] > Exec(boot, None, None)
[debug] > Exec(writeSbtVersion, None, None)
[debug] > Exec(reload, None, None)
[debug] > Exec(sbtStashOnFailure, None, None)
[debug] > Exec(onFailure loadFailed, None, None)
[debug] > Exec(loadp, None, None)
[info] welcome to sbt 1.4.4 (Oracle Corporation Java 1.8.0_221)
[debug]       Load.loadUnit: plugins took 131.8458ms
[debug]       Load.loadUnit: defsScala took 0.2845ms
[debug] [Loading] Scanning directory C:\Users\kamilai\.sbt\1.0\plugins
[debug] [Loading] Found non-root projects 
[debug] [Loading] Done in C:\Users\kamilai\.sbt\1.0\plugins, returning: ()
[debug] deducing auto plugins based on known facts Set(Atom(sbt.plugins.CorePlugin)) and clauses Clauses(List(Clause(Atom(sbt.plugins.JvmPlugin),Set(Atom(sbt.plugins.IvyPlugin))), Clause(Atom(sbt.ScriptedPlugin),Set(Atom(sbt.plugins.JvmPlugin))), Clause(Atom(sbt.plugins.SbtPlugin),Set(Atom(sbt.ScriptedPlugin))), Clause(Atom(sbt.plugins.SemanticdbPlugin),Set(Atom(sbt.plugins.JvmPlugin))), Clause(Atom(sbt.plugins.JUnitXmlReportPlugin),Set(Atom(sbt.plugins.JvmPlugin))), Clause(Atom(sbt.plugins.MiniDependencyTreePlugin),Set(Atom(sbt.plugins.JvmPlugin))), Clause(Atom(sbt.plugins.CorePlugin),Set(Atom(sbt.plugins.IvyPlugin))), Clause(Atom(sbt.plugins.IvyPlugin),Set(Atom(sbt.plugins.JvmPlugin))), Clause(Atom(sbt.plugins.JvmPlugin),Set(Atom(sbt.plugins.SemanticdbPlugin))), Clause(Atom(sbt.plugins.JvmPlugin),Set(Atom(sbt.plugins.JUnitXmlReportPlugin))), Clause(Atom(sbt.plugins.CorePlugin),Set(Atom(sbt.plugins.Giter8TemplatePlugin))), Clause(Atom(sbt.plugins.JvmPlugin),Set(Atom(sbt.plugins.MiniDependencyTreePlugin)))))
[debug]   :: deduced result: Matched(sbt.plugins.CorePlugin,sbt.plugins.Giter8TemplatePlugin,sbt.plugins.IvyPlugin,sbt.plugins.JvmPlugin,sbt.plugins.MiniDependencyTreePlugin,sbt.plugins.JUnitXmlReportPlugin,sbt.plugins.SemanticdbPlugin)
[debug] Plugins.deducer#function took 19.0079 ms
[debug]           Load.resolveProject(global-plugins) took 89.9209ms
[debug]         Load.loadTransitive: finalizeProject(Project(id global-plugins, base: C:\Users\kamilai\.sbt\1.0\plugins, plugins: List(<none>))) took 131.983ms
[debug] [Loading] Done in C:\Users\kamilai\.sbt\1.0\plugins, returning: (global-plugins)
[debug]       Load.loadUnit: loadedProjectsRaw took 170.898ms
[debug]       Load.loadUnit: cleanEvalClasses took 0.2929ms
[debug]     Load.loadUnit(file:/C:/Users/kamilai/.sbt/1.0/plugins/, ...) took 310.9553ms
[debug]   Load.apply: load took 616.0643ms
[debug]   Load.apply: resolveProjects took 6.0198ms
[debug]   Load.apply: finalTransforms took 127.3706ms
[debug]   Load.apply: config.delegates took 9.8309ms
[debug]   Load.apply: Def.make(settings)... took 9922.6011ms
[debug]   Load.apply: structureIndex took 167.6722ms
[debug]   Load.apply: mkStreams took 1.6788ms
[info] loading global plugins from C:\Users\kamilai\.sbt\1.0\plugins
[debug] Running task... Cancel: Signal, check cycles: false, forcegc: true
[debug] Load.defaultLoad until apply took 23231.485ms
[debug]           Load.loadUnit: plugins took 30.4217ms
[debug]           Load.loadUnit: defsScala took 0.0039ms
[debug] [Loading] Scanning directory C:\ScalaProjects\udemy_remoting_cluster\project
[debug]             Load.loadUnit: mkEval took 6.9424ms
[debug] [Loading] Found non-root projects 
[debug] [Loading] Done in C:\ScalaProjects\udemy_remoting_cluster\project, returning: ()
[debug] deducing auto plugins based on known facts Set(Atom(sbt.plugins.CorePlugin)) and clauses Clauses(List(Clause(Atom(sbt.plugins.JvmPlugin),Set(Atom(sbt.plugins.IvyPlugin))), Clause(Atom(sbt.ScriptedPlugin),Set(Atom(sbt.plugins.JvmPlugin))), Clause(Atom(sbt.plugins.SbtPlugin),Set(Atom(sbt.ScriptedPlugin))), Clause(Atom(sbt.plugins.SemanticdbPlugin),Set(Atom(sbt.plugins.JvmPlugin))), Clause(Atom(sbt.plugins.JUnitXmlReportPlugin),Set(Atom(sbt.plugins.JvmPlugin))), Clause(Atom(sbt.plugins.MiniDependencyTreePlugin),Set(Atom(sbt.plugins.JvmPlugin))), Clause(Atom(sbt.plugins.CorePlugin),Set(Atom(sbt.plugins.IvyPlugin))), Clause(Atom(sbt.plugins.IvyPlugin),Set(Atom(sbt.plugins.JvmPlugin))), Clause(Atom(sbt.plugins.JvmPlugin),Set(Atom(sbt.plugins.SemanticdbPlugin))), Clause(Atom(sbt.plugins.JvmPlugin),Set(Atom(sbt.plugins.JUnitXmlReportPlugin))), Clause(Atom(sbt.plugins.CorePlugin),Set(Atom(sbt.plugins.Giter8TemplatePlugin))), Clause(Atom(sbt.plugins.JvmPlugin),Set(Atom(sbt.plugins.MiniDependencyTreePlugin)))))
[debug]   :: deduced result: Matched(sbt.plugins.CorePlugin,sbt.plugins.Giter8TemplatePlugin,sbt.plugins.IvyPlugin,sbt.plugins.JvmPlugin,sbt.plugins.MiniDependencyTreePlugin,sbt.plugins.JUnitXmlReportPlugin,sbt.plugins.SemanticdbPlugin)
[debug] Plugins.deducer#function took 2.2625 ms
[info] loading settings for project udemy_remoting_cluster-build from idea2.sbt ...
[debug]               Load.resolveProject(udemy_remoting_cluster-build) took 972.8242ms
[debug]             Load.loadTransitive: finalizeProject(Project(id udemy_remoting_cluster-build, base: C:\ScalaProjects\udemy_remoting_cluster\project, plugins: List(<none>))) took 975.8901ms
[debug] [Loading] Done in C:\ScalaProjects\udemy_remoting_cluster\project, returning: (udemy_remoting_cluster-build)
[debug]           Load.loadUnit: loadedProjectsRaw took 4812.1813ms
[debug]           Load.loadUnit: cleanEvalClasses took 8.4408ms
[debug]         Load.loadUnit(file:/C:/ScalaProjects/udemy_remoting_cluster/project/, ...) took 4852.5597ms
[debug]       Load.apply: load took 4855.1649ms
[debug]       Load.apply: resolveProjects took 0.1682ms
[debug]       Load.apply: finalTransforms took 15.7164ms
[debug]       Load.apply: config.delegates took 0.7486ms
[debug]       Load.apply: Def.make(settings)... took 103.5637ms
[debug]       Load.apply: structureIndex took 33.9174ms
[debug]       Load.apply: mkStreams took 0.003ms
[info] loading project definition from C:\ScalaProjects\udemy_remoting_cluster\project
[debug] Running task... Cancel: Signal, check cycles: false, forcegc: true
[debug]     Load.loadUnit: plugins took 6945.8542ms
[debug]     Load.loadUnit: defsScala took 0.003ms
[debug] [Loading] Scanning directory C:\ScalaProjects\udemy_remoting_cluster
[debug]       Load.loadUnit: mkEval took 1.0403ms
[debug] [Loading] Found non-root projects 
[debug] [Loading] Done in C:\ScalaProjects\udemy_remoting_cluster, returning: ()
[debug] deducing auto plugins based on known facts Set(Atom(sbt.plugins.CorePlugin)) and clauses Clauses(List(Clause(Atom(sbt.plugins.JvmPlugin),Set(Atom(sbt.plugins.IvyPlugin))), Clause(Atom(sbt.ScriptedPlugin),Set(Atom(sbt.plugins.JvmPlugin))), Clause(Atom(sbt.plugins.SbtPlugin),Set(Atom(sbt.ScriptedPlugin))), Clause(Atom(sbt.plugins.SemanticdbPlugin),Set(Atom(sbt.plugins.JvmPlugin))), Clause(Atom(sbt.plugins.JUnitXmlReportPlugin),Set(Atom(sbt.plugins.JvmPlugin))), Clause(Atom(sbt.plugins.MiniDependencyTreePlugin),Set(Atom(sbt.plugins.JvmPlugin))), Clause(Atom(org.jetbrains.sbt.StructurePlugin),Set(Atom(sbt.plugins.JvmPlugin))), Clause(Atom(org.jetbrains.sbt.IdeaShellPlugin),Set(Atom(sbt.plugins.JvmPlugin))), Clause(Atom(org.jetbrains.sbt.indices.SbtIntellijIndicesPlugin),Set(Atom(sbt.plugins.JvmPlugin))), Clause(Atom(sbt.plugins.CorePlugin),Set(Atom(sbt.plugins.IvyPlugin))), Clause(Atom(sbt.plugins.IvyPlugin),Set(Atom(sbt.plugins.JvmPlugin))), Clause(Atom(sbt.plugins.JvmPlugin),Set(Atom(sbt.plugins.SemanticdbPlugin))), Clause(Atom(sbt.plugins.JvmPlugin),Set(Atom(sbt.plugins.JUnitXmlReportPlugin))), Clause(Atom(sbt.plugins.CorePlugin),Set(Atom(sbt.plugins.Giter8TemplatePlugin))), Clause(Atom(sbt.plugins.JvmPlugin),Set(Atom(sbt.plugins.MiniDependencyTreePlugin))), Clause(Atom(sbt.plugins.JvmPlugin),Set(Atom(org.jetbrains.sbt.StructurePlugin))), Clause(Atom(sbt.plugins.JvmPlugin),Set(Atom(org.jetbrains.sbt.IdeaShellPlugin))), Clause(And(Set(Atom(sbt.plugins.CorePlugin), Atom(sbt.plugins.JvmPlugin))),Set(Atom(org.jetbrains.sbt.indices.SbtIntellijIndicesPlugin)))))
[debug]   :: deduced result: Matched(sbt.plugins.CorePlugin,sbt.plugins.Giter8TemplatePlugin,sbt.plugins.IvyPlugin,sbt.plugins.JvmPlugin,sbt.plugins.SemanticdbPlugin,org.jetbrains.sbt.indices.SbtIntellijIndicesPlugin,sbt.plugins.JUnitXmlReportPlugin,org.jetbrains.sbt.IdeaShellPlugin,org.jetbrains.sbt.StructurePlugin,sbt.plugins.MiniDependencyTreePlugin)
[debug] Plugins.deducer#function took 3.221 ms
[info] loading settings for project udemy_remoting_cluster from build.sbt ...
[debug]         Load.resolveProject(udemy_remoting_cluster) took 79.3234ms
[debug]       Load.loadTransitive: finalizeProject(Project(id udemy_remoting_cluster, base: C:\ScalaProjects\udemy_remoting_cluster, plugins: List(<none>))) took 84.5223ms
[debug] [Loading] Done in C:\ScalaProjects\udemy_remoting_cluster, returning: (udemy_remoting_cluster)
[debug]     Load.loadUnit: loadedProjectsRaw took 2243.1472ms
[debug]     Load.loadUnit: cleanEvalClasses took 238.9234ms
[debug]   Load.loadUnit(file:/C:/ScalaProjects/udemy_remoting_cluster/, ...) took 9429.3698ms
[debug] Load.apply: load took 9433.2646ms
[debug] Load.apply: resolveProjects took 0.4332ms
[debug] Load.apply: finalTransforms took 104.5314ms
[debug] Load.apply: config.delegates took 0.3403ms
[debug] Load.apply: Def.make(settings)... took 94.7038ms
[debug] Load.apply: structureIndex took 23.4573ms
[debug] Load.apply: mkStreams took 0.0027ms
[info] set current project to udemy_remoting_cluster (in build file:/C:/ScalaProjects/udemy_remoting_cluster/)
[debug] > Exec(sbtPopOnFailure, None, None)
[debug] > Exec(resumeFromFailure, None, None)
[debug] > Exec(notifyUsersAboutShell, None, None)
[debug] > Exec(iflast shell, None, None)
[debug] > Exec(; set ideaPort in Global := 56463 ; idea-shell, None, None)
[debug] > Exec(set ideaPort in Global := 56463, None, None)
[info] Defining Global / ideaPort
[info] The new value will be used by Compile / compile, Test / compile
[debug] Defining 
[debug] 	Global / ideaPort
[debug] 
[debug] The new value will be used by 
[debug] 	Compile / compile
[debug] 	Test / compile
[info] Reapplying settings...
[info] set current project to udemy_remoting_cluster (in build file:/C:/ScalaProjects/udemy_remoting_cluster/)
[debug] > Exec(idea-shell, None, None)
